This is pdfTeX, Version 3.141592653-2.6-1.40.27 (TeX Live 2025) (preloaded format=pdflatex 2025.7.3)  25 JAN 2026 23:46
entering extended mode
 restricted \write18 enabled.
 file:line:error style messages enabled.
 %&-line parsing enabled.
**c:/Users/Y/Documents/study_paper/paper/paper.tex
(c:/Users/Y/Documents/study_paper/paper/paper.tex
LaTeX2e <2024-11-01> patch level 2
L3 programming layer <2025-01-18>
(./aastex701.cls
Document Class: aastex701 2025/05/09 Version 7.0.1/AAS markup document class
Class aastex Info: 

 Original \LaTeX2.09 style by Chris Biemesderfer (chris@seagoat.com). 
 Adapted to \LaTeXe by A. Ogawa (ogawa@teleport.com)
 emulateapj.cls included, Copyright 2000-2015 Alexey Vikhlinin 
 Rewrite and update of emulateapj.cls, revised and enhanced with table macros, gridlines, draft watermark,
 track changes, new `modern' style and much more, by Amy Hendrickson,
 (amyh@texnology.com, http://www.texnology.com) 
 
  on input line 113.
\bibbaselineskip=\skip49
LaTeX Info: Redefining \@centercr on input line 497.
Class aastex701 Info: Repairing broken LaTeX eqnarray on input line 558.
\eqncolsep=\skip50
Class aastex701 Info: Repairing hyperref-unfriendly LaTeX definition of \mpfootnote on input line 586.
\intertabularlinepenalty=\count196
\@tbpen=\count197
\@arstrutbox@hline=\box52
Class aastex701 Info: Repairing broken LaTeX \@xbitor on input line 1711.
Class aastex701 Info: Making \typeout \long on input line 1976.
ltxfront[2022/06/05 4.2f frontmatter package (AO,DPC,MD)]
\c@affil=\count198
\c@collab=\count199
\absbox=\box53
ltxgrid[2022/06/05 4.2f page grid package (portions licensed from W. E. Baxter web at superscript.com)]
\c@linecount=\count266
\output@latex=\toks17
\box@size@1=\box54
\box@size@2=\box55
\@protection@box=\box56
\@topmark@saved=\toks18
\footins@saved=\box57
\footins@recovered=\box58
\column@recovered=\box59
\pagesofar=\box60
\footsofar=\box61
\pagegrid@col=\count267
Class aastex701 Info: Overriding \@vspace, \@vspacer, \@no@pgbk, \@newline, and \\  on input line 5420.
\c@part=\count268
\c@section=\count269
\c@subsection=\count270
\c@subsubsection=\count271
\c@paragraph=\count272
\c@subparagraph=\count273
\abovecaptionskip=\skip51
\belowcaptionskip=\skip52
\c@figure=\count274
\fbox@1=\box62
\c@table=\count275
\fbox@2=\box63
\c@video=\count276
\fbox@4=\box64
(c:/Software/Code/texlive/2025/texmf-dist/tex/latex/textcase/textcase.sty
Package: textcase 2025/02/16 v1.05 Text only upper/lower case changing (DPC)
Package textcase Info: Defining Legacy names on input line 20.
) (c:/Software/Code/texlive/2025/texmf-dist/tex/latex/natbib/natbib.sty
Package: natbib 2010/09/13 8.31b (PWD, AO)
\bibhang=\skip53
\bibsep=\skip54
LaTeX Info: Redefining \cite on input line 694.
\c@NAT@ctr=\count277
)
Class aastex701 Info: Repairing natbib's \BibitemShut on input line 6962.
 (c:/Software/Code/texlive/2025/texmf-dist/tex/latex/base/latexsym.sty
Package: latexsym 1998/08/17 v2.2e Standard LaTeX package (lasy symbols)
\symlasy=\mathgroup4
LaTeX Font Info:    Overwriting symbol font `lasy' in version `bold'
(Font)                  U/lasy/m/n --> U/lasy/b/n on input line 52.
) (c:/Software/Code/texlive/2025/texmf-dist/tex/latex/amsfonts/amssymb.sty
Package: amssymb 2013/01/14 v3.01 AMS font symbols
 (c:/Software/Code/texlive/2025/texmf-dist/tex/latex/amsfonts/amsfonts.sty
Package: amsfonts 2013/01/14 v3.01 Basic AMSFonts support
\@emptytoks=\toks19
\symAMSa=\mathgroup5
\symAMSb=\mathgroup6
LaTeX Font Info:    Redeclaring math symbol \hbar on input line 98.
LaTeX Font Info:    Overwriting math alphabet `\mathfrak' in version `bold'
(Font)                  U/euf/m/n --> U/euf/b/n on input line 106.
)) (c:/Software/Code/texlive/2025/texmf-dist/tex/generic/epsf/epsf.sty
This is `epsf.tex' v2.7.4 <14 February 2011>
\epsffilein=\read2
\epsfframemargin=\dimen141
\epsfframethickness=\dimen142
\epsfrsize=\dimen143
\epsftmp=\dimen144
\epsftsize=\dimen145
\epsfxsize=\dimen146
\epsfysize=\dimen147
\pspoints=\dimen148
) (c:/Software/Code/texlive/2025/texmf-dist/tex/latex/graphics/graphicx.sty
Package: graphicx 2021/09/16 v1.2d Enhanced LaTeX Graphics (DPC,SPQR)
 (c:/Software/Code/texlive/2025/texmf-dist/tex/latex/graphics/keyval.sty
Package: keyval 2022/05/29 v1.15 key=value parser (DPC)
\KV@toks@=\toks20
) (c:/Software/Code/texlive/2025/texmf-dist/tex/latex/graphics/graphics.sty
Package: graphics 2024/08/06 v1.4g Standard LaTeX Graphics (DPC,SPQR)
 (c:/Software/Code/texlive/2025/texmf-dist/tex/latex/graphics/trig.sty
Package: trig 2023/12/02 v1.11 sin cos tan (DPC)
) (c:/Software/Code/texlive/2025/texmf-dist/tex/latex/graphics-cfg/graphics.cfg
File: graphics.cfg 2016/06/04 v1.11 sample graphics configuration
)
Package graphics Info: Driver file: pdftex.def on input line 106.
 (c:/Software/Code/texlive/2025/texmf-dist/tex/latex/graphics-def/pdftex.def
File: pdftex.def 2024/04/13 v1.2c Graphics/color driver for pdftex
))
\Gin@req@height=\dimen149
\Gin@req@width=\dimen150
)
\rptnum=\count278
\rptloopnum=\count279
\fncount=\count280
\endfncount=\count281
\c@front@matter@foot@note=\count282
\keys@width=\skip55
\c@lastfootnote=\count283
\tempsectnum=\count284
\ackbox=\box65
 (c:/Software/Code/texlive/2025/texmf-dist/tex/latex/base/ifthen.sty
Package: ifthen 2024/03/16 v1.1e Standard LaTeX ifthen package (DPC)
)
\contribbox=\box66
\c@remember@figure@num=\count285
\c@remember@table@num=\count286
\bibskip=\skip56
\bibindent=\dimen151
\plot@width=\skip57
\c@table@save=\count287
\@abovenoteskip=\dimen152
\table@note@skip=\skip58
\deluxe@table@width=\skip59
\@d@t@a=\skip60
\c@deluxe@table@num=\count288
\LTcapwidth=\dimen153
\abovedeluxetableskip=\skip61
\belowdeluxetableskip=\skip62
\lastrowheight=\dimen154
\DT@p@ftn=\toks21
\pt@column=\count289
\pt@ncol=\count290
 (c:/Software/Code/texlive/2025/texmf-dist/tex/latex/url/url.sty
\Urlmuskip=\muskip17
Package: url 2013/09/16  ver 3.4  Verb mode for urls, etc.
) (c:/Software/Code/texlive/2025/texmf-dist/tex/latex/tools/longtable.sty
Package: longtable 2024-10-27 v4.22 Multi-page Table package (DPC)
\LTleft=\skip63
\LTright=\skip64
\LTpre=\skip65
\LTpost=\skip66
\LTchunksize=\count291
\LTcapwidth=\dimen155
\LT@head=\box67
\LT@firsthead=\box68
\LT@foot=\box69
\LT@lastfoot=\box70
\LT@gbox=\box71
\LT@cols=\count292
\LT@rows=\count293
\c@LT@tables=\count294
\c@LT@chunks=\count295
\LT@p@ftn=\toks22
) (c:/Software/Code/texlive/2025/texmf-dist/tex/latex/xcolor/xcolor.sty
Package: xcolor 2024/09/29 v3.02 LaTeX color extensions (UK)
 (c:/Software/Code/texlive/2025/texmf-dist/tex/latex/graphics-cfg/color.cfg
File: color.cfg 2016/01/02 v1.6 sample color configuration
)
Package xcolor Info: Driver file: pdftex.def on input line 274.
 (c:/Software/Code/texlive/2025/texmf-dist/tex/latex/graphics/mathcolor.ltx)
Package xcolor Info: Model `cmy' substituted by `cmy0' on input line 1349.
Package xcolor Info: Model `hsb' substituted by `rgb' on input line 1353.
Package xcolor Info: Model `RGB' extended on input line 1365.
Package xcolor Info: Model `HTML' substituted by `rgb' on input line 1367.
Package xcolor Info: Model `Hsb' substituted by `hsb' on input line 1368.
Package xcolor Info: Model `tHsb' substituted by `hsb' on input line 1369.
Package xcolor Info: Model `HSB' substituted by `hsb' on input line 1370.
Package xcolor Info: Model `Gray' substituted by `gray' on input line 1371.
Package xcolor Info: Model `wave' substituted by `hsb' on input line 1372.
) (c:/Software/Code/texlive/2025/texmf-dist/tex/latex/hyperref/hyperref.sty
Package: hyperref 2024-11-05 v7.01l Hypertext links for LaTeX
 (c:/Software/Code/texlive/2025/texmf-dist/tex/generic/iftex/iftex.sty
Package: iftex 2024/12/12 v1.0g TeX engine tests
) (c:/Software/Code/texlive/2025/texmf-dist/tex/latex/kvsetkeys/kvsetkeys.sty
Package: kvsetkeys 2022-10-05 v1.19 Key value parser (HO)
) (c:/Software/Code/texlive/2025/texmf-dist/tex/generic/kvdefinekeys/kvdefinekeys.sty
Package: kvdefinekeys 2019-12-19 v1.6 Define keys (HO)
) (c:/Software/Code/texlive/2025/texmf-dist/tex/generic/pdfescape/pdfescape.sty
Package: pdfescape 2019/12/09 v1.15 Implements pdfTeX's escape features (HO)
 (c:/Software/Code/texlive/2025/texmf-dist/tex/generic/ltxcmds/ltxcmds.sty
Package: ltxcmds 2023-12-04 v1.26 LaTeX kernel commands for general use (HO)
) (c:/Software/Code/texlive/2025/texmf-dist/tex/generic/pdftexcmds/pdftexcmds.sty
Package: pdftexcmds 2020-06-27 v0.33 Utility functions of pdfTeX for LuaTeX (HO)
 (c:/Software/Code/texlive/2025/texmf-dist/tex/generic/infwarerr/infwarerr.sty
Package: infwarerr 2019/12/03 v1.5 Providing info/warning/error messages (HO)
)
Package pdftexcmds Info: \pdf@primitive is available.
Package pdftexcmds Info: \pdf@ifprimitive is available.
Package pdftexcmds Info: \pdfdraftmode found.
)) (c:/Software/Code/texlive/2025/texmf-dist/tex/latex/hycolor/hycolor.sty
Package: hycolor 2020-01-27 v1.10 Color options for hyperref/bookmark (HO)
) (c:/Software/Code/texlive/2025/texmf-dist/tex/latex/hyperref/nameref.sty
Package: nameref 2023-11-26 v2.56 Cross-referencing by name of section
 (c:/Software/Code/texlive/2025/texmf-dist/tex/latex/refcount/refcount.sty
Package: refcount 2019/12/15 v3.6 Data extraction from label references (HO)
) (c:/Software/Code/texlive/2025/texmf-dist/tex/generic/gettitlestring/gettitlestring.sty
Package: gettitlestring 2019/12/15 v1.6 Cleanup title references (HO)
 (c:/Software/Code/texlive/2025/texmf-dist/tex/latex/kvoptions/kvoptions.sty
Package: kvoptions 2022-06-15 v3.15 Key value format for package options (HO)
))

Package nameref Warning: The definition of \label has changed! 
(nameref)                Check your packages! 
(nameref)                Replacing it with the kernel definition on input line 149.

\c@section@level=\count296
) (c:/Software/Code/texlive/2025/texmf-dist/tex/latex/etoolbox/etoolbox.sty
Package: etoolbox 2025/02/11 v2.5l e-TeX tools for LaTeX (JAW)
\etb@tempcnta=\count297
) (c:/Software/Code/texlive/2025/texmf-dist/tex/generic/stringenc/stringenc.sty
Package: stringenc 2019/11/29 v1.12 Convert strings between diff. encodings (HO)
)
\@linkdim=\dimen156
\Hy@linkcounter=\count298
\Hy@pagecounter=\count299
 (c:/Software/Code/texlive/2025/texmf-dist/tex/latex/hyperref/pd1enc.def
File: pd1enc.def 2024-11-05 v7.01l Hyperref: PDFDocEncoding definition (HO)
Now handling font encoding PD1 ...
... no UTF-8 mapping file for font encoding PD1
) (c:/Software/Code/texlive/2025/texmf-dist/tex/generic/intcalc/intcalc.sty
Package: intcalc 2019/12/15 v1.3 Expandable calculations with integers (HO)
)
\Hy@SavedSpaceFactor=\count300
 (c:/Software/Code/texlive/2025/texmf-dist/tex/latex/hyperref/puenc.def
File: puenc.def 2024-11-05 v7.01l Hyperref: PDF Unicode definition (HO)
Now handling font encoding PU ...
... no UTF-8 mapping file for font encoding PU
)
Package hyperref Info: Option `bookmarks' set `true' on input line 4040.
Package hyperref Info: Option `pdfnewwindow' set `true' on input line 4040.
Package hyperref Info: Option `colorlinks' set `true' on input line 4040.
Package hyperref Info: Option `final' set `true' on input line 4040.
Package hyperref Info: Hyper figures OFF on input line 4157.
Package hyperref Info: Link nesting OFF on input line 4162.
Package hyperref Info: Hyper index ON on input line 4165.
Package hyperref Info: Plain pages OFF on input line 4172.
Package hyperref Info: Backreferencing OFF on input line 4177.
Package hyperref Info: Implicit mode ON; LaTeX internals redefined.
Package hyperref Info: Bookmarks ON on input line 4424.
LaTeX Info: Redefining \href on input line 4674.
\c@Hy@tempcnt=\count301
LaTeX Info: Redefining \url on input line 4763.
\XeTeXLinkMargin=\dimen157
 (c:/Software/Code/texlive/2025/texmf-dist/tex/generic/bitset/bitset.sty
Package: bitset 2019/12/09 v1.3 Handle bit-vector datatype (HO)
 (c:/Software/Code/texlive/2025/texmf-dist/tex/generic/bigintcalc/bigintcalc.sty
Package: bigintcalc 2019/12/15 v1.5 Expandable calculations on big integers (HO)
))
\Fld@menulength=\count302
\Field@Width=\dimen158
\Fld@charsize=\dimen159
Package hyperref Info: Hyper figures OFF on input line 6042.
Package hyperref Info: Link nesting OFF on input line 6047.
Package hyperref Info: Hyper index ON on input line 6050.
Package hyperref Info: backreferencing OFF on input line 6057.
Package hyperref Info: Link coloring ON on input line 6060.
Package hyperref Info: Link coloring with OCG OFF on input line 6067.
Package hyperref Info: PDF/A mode OFF on input line 6072.
 (c:/Software/Code/texlive/2025/texmf-dist/tex/latex/base/atbegshi-ltx.sty
Package: atbegshi-ltx 2021/01/10 v1.0c Emulation of the original atbegshi
package with kernel methods
)
\Hy@abspage=\count303
\c@Item=\count304
\c@Hfootnote=\count305
)
Package hyperref Info: Driver (autodetected): hpdftex.
 (c:/Software/Code/texlive/2025/texmf-dist/tex/latex/hyperref/hpdftex.def
File: hpdftex.def 2024-11-05 v7.01l Hyperref driver for pdfTeX
 (c:/Software/Code/texlive/2025/texmf-dist/tex/latex/base/atveryend-ltx.sty
Package: atveryend-ltx 2020/08/19 v1.0a Emulation of the original atveryend package
with kernel methods
)
\Fld@listcount=\count306
\c@bookmark@seq@number=\count307
 (c:/Software/Code/texlive/2025/texmf-dist/tex/latex/rerunfilecheck/rerunfilecheck.sty
Package: rerunfilecheck 2022-07-10 v1.10 Rerun checks for auxiliary files (HO)
 (c:/Software/Code/texlive/2025/texmf-dist/tex/generic/uniquecounter/uniquecounter.sty
Package: uniquecounter 2019/12/15 v1.4 Provide unlimited unique counter (HO)
)
Package uniquecounter Info: New unique counter `rerunfilecheck' on input line 285.
)
\Hy@SectionHShift=\skip67
) (c:/Software/Code/texlive/2025/texmf-dist/tex/latex/tools/array.sty
Package: array 2024/10/17 v2.6g Tabular extension package (FMi)
\col@sep=\dimen160
\ar@mcellbox=\box72
\extrarowheight=\dimen161
\NC@list=\toks23
\extratabsurround=\skip68
\backup@length=\skip69
\ar@cellbox=\box73
)
\colcount=\count308
\firstcolcount=\count309
\secondcolcount=\count310
\thirdcolcount=\count311
\columncount=\count312
\howmanyDs=\count313
\firsthowmanyDs=\count314
\secondhowmanyDs=\count315
\PartsOfTable=\count316
\columnoneandtwo=\count317
\colnumsused=\count318
\loopnum=\count319
\totalcolumncount=\count320
\totalcolumns=\count321
\firsttablebox=\box74
\secondtablebox=\box75
\thirdtablebox=\box76
\deluxetablecnt=\count322
\toprulebelowsep=\dimen162
 (c:/Software/Code/texlive/2025/texmf-dist/tex/latex/graphics/rotating.sty
Package: rotating 2016/08/11 v2.16d rotated objects in LaTeX
\c@r@tfl@t=\count323
\rotFPtop=\skip70
\rotFPbot=\skip71
\rot@float@box=\box77
\rot@mess@toks=\toks24
)
\zdeluxetablecnt=\count324
\longtablebox=\box78
\aassplitbox=\box79
\movetabledown=\dimen163
\maxtablewidth=\dimen164
\savetabskip=\dimen165
\tempcounter=\count325
\colheadcount=\count326
\rotatetablebox=\box80
\tempallauthorcnt=\count327
\printallauthorcnt=\count328
\refchangenumber=\count329
\listchangenum=\count330
 (c:/Software/Code/texlive/2025/texmf-dist/tex/generic/ulem/ulem.sty
\UL@box=\box81
\UL@hyphenbox=\box82
\UL@skip=\skip72
\UL@hook=\toks25
\UL@height=\dimen166
\UL@pe=\count331
\UL@pixel=\dimen167
\ULC@box=\box83
Package: ulem 2019/11/18
\ULdepth=\dimen168
)
\entriesinthiscollab=\count332
\allentries=\count333
\allauthorcnt=\count334
\cofirstauthorcnt=\count335
\AuthorCollaborationLimit=\count336
\largestAffilNum=\count337
\totalentries=\count338
\docollabnum=\count339
\@docollabnum=\count340
\tempauthornumber=\count341
\countauthors=\count342
\testnum=\count343
\restauentries=\count344
\tempauthorminusone=\count345
\affilnum=\count346
\c@affilcount=\count347
\numauthors=\count348
\collabnum=\count349
\collabnamebox=\box84
\widetext@top=\box85
\widetext@bot=\box86
\currwidth=\dimen169
\interactbox=\box87
\movetableright=\dimen170
 (c:/Software/Code/texlive/2025/texmf-dist/tex/latex/lineno/lineno.sty
Package: lineno 2025/01/29 line numbers on paragraphs v5.4
\linenopenalty=\count350
\output=\toks26
\linenoprevgraf=\count351
\linenumbersep=\dimen171
\linenumberwidth=\dimen172
\c@linenumber=\count352
\c@pagewiselinenumber=\count353
\c@LN@truepage=\count354
\c@internallinenumber=\count355
\c@internallinenumbers=\count356
\quotelinenumbersep=\dimen173
\bframerule=\dimen174
\bframesep=\dimen175
\bframebox=\box88
LaTeX Info: Redefining \\ on input line 3187.
)) (c:/Software/Code/texlive/2025/texmf-dist/tex/latex/ctex/ctex.sty (c:/Software/Code/texlive/2025/texmf-dist/tex/latex/l3kernel/expl3.sty
Package: expl3 2025-01-18 L3 programming layer (loader) 
 (c:/Software/Code/texlive/2025/texmf-dist/tex/latex/l3backend/l3backend-pdftex.def
File: l3backend-pdftex.def 2024-05-08 L3 backend support: PDF output (pdfTeX)
\l__color_backend_stack_int=\count357
\l__pdf_internal_box=\box89
))
Package: ctex 2022/07/14 v2.5.10 Chinese adapter in LaTeX (CTEX)
 (c:/Software/Code/texlive/2025/texmf-dist/tex/latex/ctex/ctexhook.sty
Package: ctexhook 2022/07/14 v2.5.10 Document and package hooks (CTEX)
) (c:/Software/Code/texlive/2025/texmf-dist/tex/latex/ctex/ctexpatch.sty
Package: ctexpatch 2022/07/14 v2.5.10 Patching commands (CTEX)
) (c:/Software/Code/texlive/2025/texmf-dist/tex/latex/base/fix-cm.sty
Package: fix-cm 2020/11/24 v1.1t fixes to LaTeX
 (c:/Software/Code/texlive/2025/texmf-dist/tex/latex/base/ts1enc.def
File: ts1enc.def 2001/06/05 v3.0e (jk/car/fm) Standard LaTeX file
LaTeX Font Info:    Redeclaring font encoding TS1 on input line 47.
))
\l__ctex_tmp_int=\count358
\l__ctex_tmp_box=\box90
\l__ctex_tmp_dim=\dimen176
\g__ctex_section_depth_int=\count359
\g__ctex_font_size_int=\count360
 (c:/Software/Code/texlive/2025/texmf-dist/tex/latex/ctex/config/ctexopts.cfg
File: ctexopts.cfg 2022/07/14 v2.5.10 Option configuration file (CTEX)
) (c:/Software/Code/texlive/2025/texmf-dist/tex/latex/ctex/engine/ctex-engine-pdftex.def
File: ctex-engine-pdftex.def 2022/07/14 v2.5.10 (pdf)LaTeX adapter (CTEX)
 (c:/Software/Code/texlive/2025/texmf-dist/tex/latex/cjk/texinput/CJKutf8.sty
Package: CJKutf8 2021/10/16 4.8.5
 (c:/Software/Code/texlive/2025/texmf-dist/tex/generic/iftex/ifpdf.sty
Package: ifpdf 2019/10/25 v3.4 ifpdf legacy package. Use iftex instead.
) (c:/Software/Code/texlive/2025/texmf-dist/tex/latex/base/inputenc.sty
Package: inputenc 2024/02/08 v1.3d Input encoding file
\inpenc@prehook=\toks27
\inpenc@posthook=\toks28
) (c:/Software/Code/texlive/2025/texmf-dist/tex/latex/cjk/texinput/CJK.sty
Package: CJK 2021/10/16 4.8.5
 (c:/Software/Code/texlive/2025/texmf-dist/tex/latex/cjk/texinput/mule/MULEenc.sty
Package: MULEenc 2021/10/16 4.8.5
) (c:/Software/Code/texlive/2025/texmf-dist/tex/latex/cjk/texinput/CJK.enc
File: CJK.enc 2021/10/16 4.8.5
Now handling font encoding C00 ...
... no UTF-8 mapping file for font encoding C00
Now handling font encoding C05 ...
... no UTF-8 mapping file for font encoding C05
Now handling font encoding C09 ...
... no UTF-8 mapping file for font encoding C09
Now handling font encoding C10 ...
... no UTF-8 mapping file for font encoding C10
Now handling font encoding C20 ...
... no UTF-8 mapping file for font encoding C20
Now handling font encoding C19 ...
... no UTF-8 mapping file for font encoding C19
Now handling font encoding C40 ...
... no UTF-8 mapping file for font encoding C40
Now handling font encoding C42 ...
... no UTF-8 mapping file for font encoding C42
Now handling font encoding C43 ...
... no UTF-8 mapping file for font encoding C43
Now handling font encoding C50 ...
... no UTF-8 mapping file for font encoding C50
Now handling font encoding C52 ...
... no UTF-8 mapping file for font encoding C52
Now handling font encoding C49 ...
... no UTF-8 mapping file for font encoding C49
Now handling font encoding C60 ...
... no UTF-8 mapping file for font encoding C60
Now handling font encoding C61 ...
... no UTF-8 mapping file for font encoding C61
Now handling font encoding C63 ...
... no UTF-8 mapping file for font encoding C63
Now handling font encoding C64 ...
... no UTF-8 mapping file for font encoding C64
Now handling font encoding C65 ...
... no UTF-8 mapping file for font encoding C65
Now handling font encoding C70 ...
... no UTF-8 mapping file for font encoding C70
Now handling font encoding C31 ...
... no UTF-8 mapping file for font encoding C31
Now handling font encoding C32 ...
... no UTF-8 mapping file for font encoding C32
Now handling font encoding C33 ...
... no UTF-8 mapping file for font encoding C33
Now handling font encoding C34 ...
... no UTF-8 mapping file for font encoding C34
Now handling font encoding C35 ...
... no UTF-8 mapping file for font encoding C35
Now handling font encoding C36 ...
... no UTF-8 mapping file for font encoding C36
Now handling font encoding C37 ...
... no UTF-8 mapping file for font encoding C37
Now handling font encoding C80 ...
... no UTF-8 mapping file for font encoding C80
Now handling font encoding C81 ...
... no UTF-8 mapping file for font encoding C81
Now handling font encoding C01 ...
... no UTF-8 mapping file for font encoding C01
Now handling font encoding C11 ...
... no UTF-8 mapping file for font encoding C11
Now handling font encoding C21 ...
... no UTF-8 mapping file for font encoding C21
Now handling font encoding C41 ...
... no UTF-8 mapping file for font encoding C41
Now handling font encoding C62 ...
... no UTF-8 mapping file for font encoding C62
)
\CJK@indent=\box91
) (c:/Software/Code/texlive/2025/texmf-dist/tex/latex/base/fontenc.sty
Package: fontenc 2021/04/29 v2.0v Standard LaTeX package
)) (c:/Software/Code/texlive/2025/texmf-dist/tex/latex/cjkpunct/CJKpunct.sty
Package: CJKpunct 2016/05/14 4.8.4
\CJKpunct@cnta=\count361
\CJKpunct@cntb=\count362
\CJKpunct@cntc=\count363
\CJKpunct@cntd=\count364
\CJKpunct@cnte=\count365
   defining Unicode char U+2018 (decimal 8216)
   defining Unicode char U+2019 (decimal 8217)
   defining Unicode char U+201C (decimal 8220)
   defining Unicode char U+201D (decimal 8221)
   defining Unicode char U+2014 (decimal 8212)
   defining Unicode char U+2026 (decimal 8230)
 (c:/Software/Code/texlive/2025/texmf-dist/tex/latex/cjkpunct/CJKpunct.spa)) (c:/Software/Code/texlive/2025/texmf-dist/tex/latex/cjk/texinput/CJKspace.sty
Package: CJKspace 2021/10/16 3.8.0
) (c:/Software/Code/texlive/2025/texmf-dist/tex/latex/cjk/texinput/UTF8/UTF8.bdg
File: UTF8.bdg 2021/10/16 4.8.5
) (c:/Software/Code/texlive/2025/texmf-dist/tex/latex/ctex/ctexspa.def
File: ctexspa.def 2022/07/14 v2.5.10 Space info for CJKpunct (CTEX)
)

Package hyperref Warning: Option `driverfallback' has already been used,
(hyperref)                setting the option has no effect on input line 493.

Package hyperref Info: Option `unicode' set `true' on input line 512.
\ccwd=\dimen177
\l__ctex_ccglue_skip=\skip73
)
\l__ctex_ziju_dim=\dimen178
 (c:/Software/Code/texlive/2025/texmf-dist/tex/latex/zhnumber/zhnumber.sty
Package: zhnumber 2022/07/14 v3.0 Typesetting numbers with Chinese glyphs
\l__zhnum_scale_int=\count366
\l__zhnum_tmp_int=\count367
 (c:/Software/Code/texlive/2025/texmf-dist/tex/latex/zhnumber/zhnumber-utf8.cfg
File: zhnumber-utf8.cfg 2022/07/14 v3.0 Chinese numerals with UTF8 encoding
)) (c:/Software/Code/texlive/2025/texmf-dist/tex/latex/ctex/scheme/ctex-scheme-chinese.def
File: ctex-scheme-chinese.def 2022/07/14 v2.5.10 Chinese scheme for generic (CTEX)
 (c:/Software/Code/texlive/2025/texmf-dist/tex/latex/ctex/config/ctex-name-utf8.cfg
File: ctex-name-utf8.cfg 2022/07/14 v2.5.10 Caption with encoding UTF-8 (CTEX)
)) (c:/Software/Code/texlive/2025/texmf-dist/tex/latex/ctex/ctex-c5size.clo
File: ctex-c5size.clo 2022/07/14 v2.5.10 c5size option (CTEX)
) (c:/Software/Code/texlive/2025/texmf-dist/tex/latex/ctex/fontset/ctex-fontset-windows.def
File: ctex-fontset-windows.def 2022/07/14 v2.5.10 Windows fonts definition (CTEX)
)) (c:/Software/Code/texlive/2025/texmf-dist/tex/latex/ctex/config/ctex.cfg
File: ctex.cfg 2022/07/14 v2.5.10 Configuration file (CTEX)
) (c:/Software/Code/texlive/2025/texmf-dist/tex/latex/amsmath/amsmath.sty
Package: amsmath 2024/11/05 v2.17t AMS math features
\@mathmargin=\skip74

For additional information on amsmath, use the `?' option.
(c:/Software/Code/texlive/2025/texmf-dist/tex/latex/amsmath/amstext.sty
Package: amstext 2021/08/26 v2.01 AMS text
 (c:/Software/Code/texlive/2025/texmf-dist/tex/latex/amsmath/amsgen.sty
File: amsgen.sty 1999/11/30 v2.0 generic functions
\@emptytoks=\toks29
\ex@=\dimen179
)
LaTeX Info: Redefining \text on input line 28.
) (c:/Software/Code/texlive/2025/texmf-dist/tex/latex/amsmath/amsbsy.sty
Package: amsbsy 1999/11/29 v1.2d Bold Symbols
\pmbraise@=\dimen180
) (c:/Software/Code/texlive/2025/texmf-dist/tex/latex/amsmath/amsopn.sty
Package: amsopn 2022/04/08 v2.04 operator names
)
\inf@bad=\count368
LaTeX Info: Redefining \frac on input line 233.
\uproot@=\count369
\leftroot@=\count370
LaTeX Info: Redefining \overline on input line 398.
LaTeX Info: Redefining \colon on input line 409.
\classnum@=\count371
\DOTSCASE@=\count372
LaTeX Info: Redefining \ldots on input line 495.
LaTeX Info: Redefining \dots on input line 498.
LaTeX Info: Redefining \cdots on input line 619.
\Mathstrutbox@=\box92
\strutbox@=\box93
LaTeX Info: Redefining \big on input line 721.
LaTeX Info: Redefining \Big on input line 722.
LaTeX Info: Redefining \bigg on input line 723.
LaTeX Info: Redefining \Bigg on input line 724.
\big@size=\dimen181
LaTeX Font Info:    Redeclaring font encoding OML on input line 742.
LaTeX Font Info:    Redeclaring font encoding OMS on input line 743.
\macc@depth=\count373
LaTeX Info: Redefining \bmod on input line 904.
LaTeX Info: Redefining \pmod on input line 909.
LaTeX Info: Redefining \smash on input line 939.
LaTeX Info: Redefining \relbar on input line 969.
LaTeX Info: Redefining \Relbar on input line 970.
\c@MaxMatrixCols=\count374
\dotsspace@=\muskip18
\c@parentequation=\count375
\dspbrk@lvl=\count376
\tag@help=\toks30
\row@=\count377
\column@=\count378
\maxfields@=\count379
\andhelp@=\toks31
\eqnshift@=\dimen182
\alignsep@=\dimen183
\tagshift@=\dimen184
\tagwidth@=\dimen185
\totwidth@=\dimen186
\lineht@=\dimen187
\@envbody=\toks32
\multlinegap=\skip75
\multlinetaggap=\skip76
\mathdisplay@stack=\toks33
LaTeX Info: Redefining \[ on input line 2953.
LaTeX Info: Redefining \] on input line 2954.
)
\@LN@amsmath@ams@eqpen=\count380
 (c:/Software/Code/texlive/2025/texmf-dist/tex/latex/silence/silence.sty
Package: silence 2012/07/02 v1.5b Selective filtering of warnings and error messages
\sl@Save=\count381
\sl@StateNumber=\count382
\sl@MessageCount=\count383
\sl@Casualties=\count384
\sl@Filter=\toks34
\sl@Message=\toks35
\sl@UnexpandedMessage=\toks36
\sl@Mess@ge=\toks37
\sl@WarningCount=\count385
\sl@WarningNumber=\count386
\sl@WarningCasualties=\count387
\sl@TempBOW=\toks38
\sl@BankOfWarnings=\toks39
LaTeX Info: Redefining \GenericWarning on input line 433.
\sl@ErrorCount=\count388
\sl@ErrorNumber=\count389
\sl@ErrorCasualties=\count390
\sl@TempBOE=\toks40
\sl@BankOfErrors=\toks41
LaTeX Info: Redefining \GenericError on input line 601.
)
Class aastex701 Info: Unrecognized array package. Please update this document class! (Proceeding with fingers crossed.) on input line 13.
Class aastex701 Info: Patching unrecognized longtable package. (Proceeding with fingers crossed) on input line 13.
Class aastex701 Info: cite was not loaded (OK!) on input line 13.
Class aastex701 Info: mcite was not loaded (OK!) on input line 13.
Class aastex701 Info: multicol was not loaded (OK!) on input line 13.
 (c:/Software/Code/texlive/2025/texmf-dist/tex/latex/cjk/texinput/UTF8/UTF8.enc
File: UTF8.enc 2021/10/16 4.8.5
) (c:/Software/Code/texlive/2025/texmf-dist/tex/latex/cjk/texinput/UTF8/UTF8.chr
File: UTF8.chr 2021/10/16 4.8.5
) (./paper.aux)
\openout1 = `paper.aux'.

LaTeX Font Info:    Checking defaults for OML/cmm/m/it on input line 13.
LaTeX Font Info:    ... okay on input line 13.
LaTeX Font Info:    Checking defaults for OMS/cmsy/m/n on input line 13.
LaTeX Font Info:    ... okay on input line 13.
LaTeX Font Info:    Checking defaults for OT1/cmr/m/n on input line 13.
LaTeX Font Info:    ... okay on input line 13.
LaTeX Font Info:    Checking defaults for T1/cmr/m/n on input line 13.
LaTeX Font Info:    ... okay on input line 13.
LaTeX Font Info:    Checking defaults for TS1/cmr/m/n on input line 13.
LaTeX Font Info:    ... okay on input line 13.
LaTeX Font Info:    Checking defaults for OMX/cmex/m/n on input line 13.
LaTeX Font Info:    ... okay on input line 13.
LaTeX Font Info:    Checking defaults for U/cmr/m/n on input line 13.
LaTeX Font Info:    ... okay on input line 13.
LaTeX Font Info:    Checking defaults for PD1/pdf/m/n on input line 13.
LaTeX Font Info:    ... okay on input line 13.
LaTeX Font Info:    Checking defaults for PU/pdf/m/n on input line 13.
LaTeX Font Info:    ... okay on input line 13.
LaTeX Font Info:    Checking defaults for C00/song/m/n on input line 13.
LaTeX Font Info:    ... okay on input line 13.
LaTeX Font Info:    Checking defaults for C05/song/m/n on input line 13.
LaTeX Font Info:    ... okay on input line 13.
LaTeX Font Info:    Checking defaults for C09/song/m/n on input line 13.
LaTeX Font Info:    ... okay on input line 13.
LaTeX Font Info:    Checking defaults for C10/song/m/n on input line 13.
LaTeX Font Info:    ... okay on input line 13.
LaTeX Font Info:    Checking defaults for C20/song/m/n on input line 13.
LaTeX Font Info:    ... okay on input line 13.
LaTeX Font Info:    Checking defaults for C19/song/m/n on input line 13.
LaTeX Font Info:    ... okay on input line 13.
LaTeX Font Info:    Checking defaults for C40/song/m/n on input line 13.
LaTeX Font Info:    ... okay on input line 13.
LaTeX Font Info:    Checking defaults for C42/song/m/n on input line 13.
LaTeX Font Info:    ... okay on input line 13.
LaTeX Font Info:    Checking defaults for C43/song/m/n on input line 13.
LaTeX Font Info:    ... okay on input line 13.
LaTeX Font Info:    Checking defaults for C50/song/m/n on input line 13.
LaTeX Font Info:    ... okay on input line 13.
LaTeX Font Info:    Checking defaults for C52/song/m/n on input line 13.
LaTeX Font Info:    ... okay on input line 13.
LaTeX Font Info:    Checking defaults for C49/song/m/n on input line 13.
LaTeX Font Info:    ... okay on input line 13.
LaTeX Font Info:    Checking defaults for C60/mj/m/n on input line 13.
LaTeX Font Info:    ... okay on input line 13.
LaTeX Font Info:    Checking defaults for C61/mj/m/n on input line 13.
LaTeX Font Info:    ... okay on input line 13.
LaTeX Font Info:    Checking defaults for C63/mj/m/n on input line 13.
LaTeX Font Info:    ... okay on input line 13.
LaTeX Font Info:    Checking defaults for C64/mj/m/n on input line 13.
LaTeX Font Info:    ... okay on input line 13.
LaTeX Font Info:    Checking defaults for C65/mj/m/n on input line 13.
LaTeX Font Info:    ... okay on input line 13.
LaTeX Font Info:    Checking defaults for C70/song/m/n on input line 13.
LaTeX Font Info:    ... okay on input line 13.
LaTeX Font Info:    Checking defaults for C31/song/m/n on input line 13.
LaTeX Font Info:    ... okay on input line 13.
LaTeX Font Info:    Checking defaults for C32/song/m/n on input line 13.
LaTeX Font Info:    ... okay on input line 13.
LaTeX Font Info:    Checking defaults for C33/song/m/n on input line 13.
LaTeX Font Info:    ... okay on input line 13.
LaTeX Font Info:    Checking defaults for C34/song/m/n on input line 13.
LaTeX Font Info:    ... okay on input line 13.
LaTeX Font Info:    Checking defaults for C35/song/m/n on input line 13.
LaTeX Font Info:    ... okay on input line 13.
LaTeX Font Info:    Checking defaults for C36/song/m/n on input line 13.
LaTeX Font Info:    ... okay on input line 13.
LaTeX Font Info:    Checking defaults for C37/song/m/n on input line 13.
LaTeX Font Info:    ... okay on input line 13.
LaTeX Font Info:    Checking defaults for C80/song/m/n on input line 13.
LaTeX Font Info:    ... okay on input line 13.
LaTeX Font Info:    Checking defaults for C81/song/m/n on input line 13.
LaTeX Font Info:    ... okay on input line 13.
LaTeX Font Info:    Checking defaults for C01/song/m/n on input line 13.
LaTeX Font Info:    ... okay on input line 13.
LaTeX Font Info:    Checking defaults for C11/song/m/n on input line 13.
LaTeX Font Info:    ... okay on input line 13.
LaTeX Font Info:    Checking defaults for C21/song/m/n on input line 13.
LaTeX Font Info:    ... okay on input line 13.
LaTeX Font Info:    Checking defaults for C41/song/m/n on input line 13.
LaTeX Font Info:    ... okay on input line 13.
LaTeX Font Info:    Checking defaults for C62/song/m/n on input line 13.
LaTeX Font Info:    ... okay on input line 13.
 (c:/Software/Code/texlive/2025/texmf-dist/tex/context/base/mkii/supp-pdf.mkii
[Loading MPS to PDF converter (version 2006.09.02).]
\scratchcounter=\count391
\scratchdimen=\dimen188
\scratchbox=\box94
\nofMPsegments=\count392
\nofMParguments=\count393
\everyMPshowfont=\toks42
\MPscratchCnt=\count394
\MPscratchDim=\dimen189
\MPnumerator=\count395
\makeMPintoPDFobject=\count396
\everyMPtoPDFconversion=\toks43
) (c:/Software/Code/texlive/2025/texmf-dist/tex/latex/epstopdf-pkg/epstopdf-base.sty
Package: epstopdf-base 2020-01-24 v2.11 Base part for package epstopdf
Package epstopdf-base Info: Redefining graphics rule for `.eps' on input line 485.
 (c:/Software/Code/texlive/2025/texmf-dist/tex/latex/latexconfig/epstopdf-sys.cfg
File: epstopdf-sys.cfg 2010/07/13 v1.3 Configuration of (r)epstopdf for TeX Live
))
Package hyperref Info: Link coloring ON on input line 13.
 (./paper.out) (./paper.out)
\@outlinefile=\write3
\openout3 = `paper.out'.

LaTeX Font Info:    Trying to load font information for C70+rm on input line 25.
 (c:/Software/Code/texlive/2025/texmf-dist/tex/latex/ctex/fd/c70rm.fd
File: c70rm.fd 2022/07/14 v2.5.10 Chinese font definition (CTEX)
)
Package CJKpunct Info: use punctuation spaces for family 'rm' with punctstyle (quanjiao) on input line 26.
LaTeX Font Info:    Trying to load font information for U+msa on input line 42.
 (c:/Software/Code/texlive/2025/texmf-dist/tex/latex/amsfonts/umsa.fd
File: umsa.fd 2013/01/14 v3.01 AMS symbols A
)
LaTeX Font Info:    Trying to load font information for U+msb on input line 42.
 (c:/Software/Code/texlive/2025/texmf-dist/tex/latex/amsfonts/umsb.fd
File: umsb.fd 2013/01/14 v3.01 AMS symbols B
) (c:/Software/Code/texlive/2025/texmf-dist/tex/generic/ctex/zhmap/ctex-zhmap-windows.tex
File: ctex-zhmap-windows.tex 2022/07/14 v2.5.10 Windows font map loader for pdfTeX and DVIPDFMx (CTEX)
{c:/Software/Code/texlive/2025/texmf-var/fonts/map/pdftex/updmap/pdftex.map}{UGBK.sfd}{Unicode.sfd}) [1] [2{c:/Software/Code/texlive/2025/texmf-dist/fonts/enc/dvips/cm-super/cm-super-ts1.enc}] [3] [4] [5]
<../Figue/fig_bias_usno_a2_j2000.png, id=273, 462.528pt x 224.037pt>
File: ../Figue/fig_bias_usno_a2_j2000.png Graphic file (type png)
<use ../Figue/fig_bias_usno_a2_j2000.png>
Package pdftex.def Info: ../Figue/fig_bias_usno_a2_j2000.png  used on input line 207.
(pdftex.def)             Requested size: 436.15294pt x 211.27165pt.
<../Figue/bias_usno_a2_2x2.png, id=277, 1204.5pt x 763.85374pt>
File: ../Figue/bias_usno_a2_2x2.png Graphic file (type png)
<use ../Figue/bias_usno_a2_2x2.png>
Package pdftex.def Info: ../Figue/bias_usno_a2_2x2.png  used on input line 216.
(pdftex.def)             Requested size: 436.15294pt x 276.59558pt.
 [6] [7 <../Figue/fig_bias_usno_a2_j2000.png>]
<../Figue/bias_ucac4_zoom_compare_n256.png, id=322, 1159.2108pt x 769.6755pt>
File: ../Figue/bias_ucac4_zoom_compare_n256.png Graphic file (type png)
<use ../Figue/bias_ucac4_zoom_compare_n256.png>
Package pdftex.def Info: ../Figue/bias_ucac4_zoom_compare_n256.png  used on input line 247.
(pdftex.def)             Requested size: 436.15294pt x 289.59064pt.
 [8 <../Figue/bias_usno_a2_2x2.png (PNG copy)>]
<../Figue/bias_gsc1.2_smooth_compare_allsky_2x3_v2.png, id=331, 3935.8242pt x 1665.1008pt>
File: ../Figue/bias_gsc1.2_smooth_compare_allsky_2x3_v2.png Graphic file (type png)
<use ../Figue/bias_gsc1.2_smooth_compare_allsky_2x3_v2.png>
Package pdftex.def Info: ../Figue/bias_gsc1.2_smooth_compare_allsky_2x3_v2.png  used on input line 255.
(pdftex.def)             Requested size: 436.15294pt x 184.50824pt.
<../Figue/figure_Y_jump_distribution.png, id=332, 1135.6026pt x 311.7246pt>
File: ../Figue/figure_Y_jump_distribution.png Graphic file (type png)
<use ../Figue/figure_Y_jump_distribution.png>
Package pdftex.def Info: ../Figue/figure_Y_jump_distribution.png  used on input line 263.
(pdftex.def)             Requested size: 436.15294pt x 119.7218pt.
 [9 <../Figue/bias_ucac4_zoom_compare_n256.png>] [10 <../Figue/bias_gsc1.2_smooth_compare_allsky_2x3_v2.png (PNG copy)> <../Figue/figure_Y_jump_distribution.png>] (./paper.bbl) [11]
<../Figue/bias_acrs_2x2.png, id=378, 1204.5pt x 763.85374pt>
File: ../Figue/bias_acrs_2x2.png Graphic file (type png)
<use ../Figue/bias_acrs_2x2.png>
Package pdftex.def Info: ../Figue/bias_acrs_2x2.png  used on input line 307.
(pdftex.def)             Requested size: 436.15294pt x 276.59558pt.
<../Figue/fig_bias_acrs_j2000.png, id=379, 462.528pt x 224.037pt>
File: ../Figue/fig_bias_acrs_j2000.png Graphic file (type png)
<use ../Figue/fig_bias_acrs_j2000.png>
Package pdftex.def Info: ../Figue/fig_bias_acrs_j2000.png  used on input line 313.
(pdftex.def)             Requested size: 436.15294pt x 211.27165pt.
<../Figue/bias_act_2x2.png, id=380, 1204.5pt x 763.85374pt>
File: ../Figue/bias_act_2x2.png Graphic file (type png)
<use ../Figue/bias_act_2x2.png>
Package pdftex.def Info: ../Figue/bias_act_2x2.png  used on input line 319.
(pdftex.def)             Requested size: 436.15294pt x 276.59558pt.
<../Figue/fig_bias_act_j2000.png, id=381, 462.528pt x 224.037pt>
File: ../Figue/fig_bias_act_j2000.png Graphic file (type png)
<use ../Figue/fig_bias_act_j2000.png>
Package pdftex.def Info: ../Figue/fig_bias_act_j2000.png  used on input line 325.
(pdftex.def)             Requested size: 436.15294pt x 211.27165pt.
<../Figue/bias_agk3_2x2.png, id=382, 1204.5pt x 763.85374pt>
File: ../Figue/bias_agk3_2x2.png Graphic file (type png)
<use ../Figue/bias_agk3_2x2.png>
Package pdftex.def Info: ../Figue/bias_agk3_2x2.png  used on input line 331.
(pdftex.def)             Requested size: 436.15294pt x 276.59558pt.
<../Figue/fig_bias_agk3_j2000.png, id=383, 462.528pt x 224.037pt>
File: ../Figue/fig_bias_agk3_j2000.png Graphic file (type png)
<use ../Figue/fig_bias_agk3_j2000.png>
Package pdftex.def Info: ../Figue/fig_bias_agk3_j2000.png  used on input line 337.
(pdftex.def)             Requested size: 436.15294pt x 211.27165pt.
<../Figue/bias_fk4catalogue_2x2.png, id=384, 1204.5pt x 763.85374pt>
File: ../Figue/bias_fk4catalogue_2x2.png Graphic file (type png)
<use ../Figue/bias_fk4catalogue_2x2.png>
Package pdftex.def Info: ../Figue/bias_fk4catalogue_2x2.png  used on input line 343.
(pdftex.def)             Requested size: 436.15294pt x 276.59558pt.
<../Figue/fig_bias_fk4catalogue_j2000.png, id=385, 462.528pt x 224.037pt>
File: ../Figue/fig_bias_fk4catalogue_j2000.png Graphic file (type png)
<use ../Figue/fig_bias_fk4catalogue_j2000.png>
Package pdftex.def Info: ../Figue/fig_bias_fk4catalogue_j2000.png  used on input line 349.
(pdftex.def)             Requested size: 436.15294pt x 211.27165pt.
<../Figue/bias_gaiadr1_2x2.png, id=386, 1204.5pt x 1146.2825pt>
File: ../Figue/bias_gaiadr1_2x2.png Graphic file (type png)
<use ../Figue/bias_gaiadr1_2x2.png>
Package pdftex.def Info: ../Figue/bias_gaiadr1_2x2.png  used on input line 355.
(pdftex.def)             Requested size: 436.15294pt x 415.07512pt.
<../Figue/fig_bias_gaiadr1_j2000.png, id=387, 642.4pt x 248.93pt>
File: ../Figue/fig_bias_gaiadr1_j2000.png Graphic file (type png)
<use ../Figue/fig_bias_gaiadr1_j2000.png>
Package pdftex.def Info: ../Figue/fig_bias_gaiadr1_j2000.png  used on input line 361.
(pdftex.def)             Requested size: 436.15294pt x 169.01186pt.
<../Figue/bias_gaiadr2_2x2.png, id=388, 1204.5pt x 763.85374pt>
File: ../Figue/bias_gaiadr2_2x2.png Graphic file (type png)
<use ../Figue/bias_gaiadr2_2x2.png>
Package pdftex.def Info: ../Figue/bias_gaiadr2_2x2.png  used on input line 367.
(pdftex.def)             Requested size: 436.15294pt x 276.59558pt.
<../Figue/fig_bias_gaiadr2_j2000.png, id=389, 462.528pt x 224.037pt>
File: ../Figue/fig_bias_gaiadr2_j2000.png Graphic file (type png)
<use ../Figue/fig_bias_gaiadr2_j2000.png>
Package pdftex.def Info: ../Figue/fig_bias_gaiadr2_j2000.png  used on input line 373.
(pdftex.def)             Requested size: 436.15294pt x 211.27165pt.
<../Figue/bias_gsc1.2_2x2.png, id=390, 1204.5pt x 763.85374pt>
File: ../Figue/bias_gsc1.2_2x2.png Graphic file (type png)
<use ../Figue/bias_gsc1.2_2x2.png>
Package pdftex.def Info: ../Figue/bias_gsc1.2_2x2.png  used on input line 379.
(pdftex.def)             Requested size: 436.15294pt x 276.59558pt.
<../Figue/fig_bias_gsc1.2_j2000.png, id=391, 462.528pt x 224.037pt>
File: ../Figue/fig_bias_gsc1.2_j2000.png Graphic file (type png)
<use ../Figue/fig_bias_gsc1.2_j2000.png>
Package pdftex.def Info: ../Figue/fig_bias_gsc1.2_j2000.png  used on input line 385.
(pdftex.def)             Requested size: 436.15294pt x 211.27165pt.
<../Figue/bias_hipparcos_2x2.png, id=392, 1204.5pt x 763.85374pt>
File: ../Figue/bias_hipparcos_2x2.png Graphic file (type png)
<use ../Figue/bias_hipparcos_2x2.png>
Package pdftex.def Info: ../Figue/bias_hipparcos_2x2.png  used on input line 391.
(pdftex.def)             Requested size: 436.15294pt x 276.59558pt.
<../Figue/fig_bias_hipparcos_j2000.png, id=393, 462.528pt x 224.037pt>
File: ../Figue/fig_bias_hipparcos_j2000.png Graphic file (type png)
<use ../Figue/fig_bias_hipparcos_j2000.png>
Package pdftex.def Info: ../Figue/fig_bias_hipparcos_j2000.png  used on input line 397.
(pdftex.def)             Requested size: 436.15294pt x 211.27165pt.
<../Figue/bias_ppm_2x2.png, id=394, 1204.5pt x 763.85374pt>
File: ../Figue/bias_ppm_2x2.png Graphic file (type png)
<use ../Figue/bias_ppm_2x2.png>
Package pdftex.def Info: ../Figue/bias_ppm_2x2.png  used on input line 403.
(pdftex.def)             Requested size: 436.15294pt x 276.59558pt.
<../Figue/fig_bias_ppm_j2000.png, id=395, 462.528pt x 224.037pt>
File: ../Figue/fig_bias_ppm_j2000.png Graphic file (type png)
<use ../Figue/fig_bias_ppm_j2000.png>
Package pdftex.def Info: ../Figue/fig_bias_ppm_j2000.png  used on input line 409.
(pdftex.def)             Requested size: 436.15294pt x 211.27165pt.
<../Figue/bias_sao_2x2.png, id=396, 1204.5pt x 763.85374pt>
File: ../Figue/bias_sao_2x2.png Graphic file (type png)
<use ../Figue/bias_sao_2x2.png>
Package pdftex.def Info: ../Figue/bias_sao_2x2.png  used on input line 415.
(pdftex.def)             Requested size: 436.15294pt x 276.59558pt.
<../Figue/fig_bias_sao_j2000.png, id=397, 462.528pt x 224.037pt>
File: ../Figue/fig_bias_sao_j2000.png Graphic file (type png)
<use ../Figue/fig_bias_sao_j2000.png>
Package pdftex.def Info: ../Figue/fig_bias_sao_j2000.png  used on input line 421.
(pdftex.def)             Requested size: 436.15294pt x 211.27165pt.
<../Figue/bias_tycho2_2x2.png, id=398, 1204.5pt x 763.85374pt>
File: ../Figue/bias_tycho2_2x2.png Graphic file (type png)
<use ../Figue/bias_tycho2_2x2.png>
Package pdftex.def Info: ../Figue/bias_tycho2_2x2.png  used on input line 427.
(pdftex.def)             Requested size: 436.15294pt x 276.59558pt.
<../Figue/fig_bias_tycho2_j2000.png, id=399, 462.528pt x 224.037pt>
File: ../Figue/fig_bias_tycho2_j2000.png Graphic file (type png)
<use ../Figue/fig_bias_tycho2_j2000.png>
Package pdftex.def Info: ../Figue/fig_bias_tycho2_j2000.png  used on input line 433.
(pdftex.def)             Requested size: 436.15294pt x 211.27165pt.
<../Figue/bias_ucac2_2x2.png, id=400, 1204.5pt x 763.85374pt>
File: ../Figue/bias_ucac2_2x2.png Graphic file (type png)
<use ../Figue/bias_ucac2_2x2.png>
Package pdftex.def Info: ../Figue/bias_ucac2_2x2.png  used on input line 439.
(pdftex.def)             Requested size: 436.15294pt x 276.59558pt.
<../Figue/fig_bias_ucac2_j2000.png, id=401, 462.528pt x 224.037pt>
File: ../Figue/fig_bias_ucac2_j2000.png Graphic file (type png)
<use ../Figue/fig_bias_ucac2_j2000.png>
Package pdftex.def Info: ../Figue/fig_bias_ucac2_j2000.png  used on input line 445.
(pdftex.def)             Requested size: 436.15294pt x 211.27165pt.
<../Figue/bias_ucac4_2x2.png, id=402, 1204.5pt x 763.85374pt>
File: ../Figue/bias_ucac4_2x2.png Graphic file (type png)
<use ../Figue/bias_ucac4_2x2.png>
Package pdftex.def Info: ../Figue/bias_ucac4_2x2.png  used on input line 451.
(pdftex.def)             Requested size: 436.15294pt x 276.59558pt.
<../Figue/fig_bias_ucac4_j2000.png, id=403, 462.528pt x 224.037pt>
File: ../Figue/fig_bias_ucac4_j2000.png Graphic file (type png)
<use ../Figue/fig_bias_ucac4_j2000.png>
Package pdftex.def Info: ../Figue/fig_bias_ucac4_j2000.png  used on input line 457.
(pdftex.def)             Requested size: 436.15294pt x 211.27165pt.
<../Figue/bias_yale_2x2.png, id=404, 1204.5pt x 763.85374pt>
File: ../Figue/bias_yale_2x2.png Graphic file (type png)
<use ../Figue/bias_yale_2x2.png>
Package pdftex.def Info: ../Figue/bias_yale_2x2.png  used on input line 463.
(pdftex.def)             Requested size: 436.15294pt x 276.59558pt.
<../Figue/fig_bias_yale_j2000.png, id=405, 462.528pt x 224.037pt>
File: ../Figue/fig_bias_yale_j2000.png Graphic file (type png)
<use ../Figue/fig_bias_yale_j2000.png>
Package pdftex.def Info: ../Figue/fig_bias_yale_j2000.png  used on input line 469.
(pdftex.def)             Requested size: 436.15294pt x 211.27165pt.
 [12 <../Figue/bias_acrs_2x2.png (PNG copy)> <../Figue/fig_bias_acrs_j2000.png>] [13 <../Figue/bias_act_2x2.png (PNG copy)> <../Figue/fig_bias_act_j2000.png>] [14 <../Figue/bias_agk3_2x2.png (PNG copy)> <../Figue/fig_bias_agk3_j2000.png>] [15 <../Figue/bias_fk4catalogue_2x2.png (PNG copy)> <../Figue/fig_bias_fk4catalogue_j2000.png>] [16 <../Figue/bias_gaiadr1_2x2.png (PNG copy)> <../Figue/fig_bias_gaiadr1_j2000.png>] [17 <../Figue/bias_gaiadr2_2x2.png (PNG copy)> <../Figue/fig_bias_gaiadr2_j2000.png>] [18 <../Figue/bias_gsc1.2_2x2.png (PNG copy)> <../Figue/fig_bias_gsc1.2_j2000.png>] [19 <../Figue/bias_hipparcos_2x2.png (PNG copy)> <../Figue/fig_bias_hipparcos_j2000.png>] [20 <../Figue/bias_ppm_2x2.png (PNG copy)> <../Figue/fig_bias_ppm_j2000.png>] [21 <../Figue/bias_sao_2x2.png (PNG copy)> <../Figue/fig_bias_sao_j2000.png>] [22 <../Figue/bias_tycho2_2x2.png (PNG copy)> <../Figue/fig_bias_tycho2_j2000.png>] [23 <../Figue/bias_ucac2_2x2.png (PNG copy)> <../Figue/fig_bias_ucac2_j2000.png>] [24 <../Figue/bias_ucac4_2x2.png (PNG copy)> <../Figue/fig_bias_ucac4_j2000.png>] [25 <../Figue/bias_yale_2x2.png (PNG copy)> <../Figue/fig_bias_yale_j2000.png>] (./paper.aux)
 ***********
LaTeX2e <2024-11-01> patch level 2
L3 programming layer <2022/07/14>
 ***********
Package rerunfilecheck Info: File `paper.out' has not changed.
(rerunfilecheck)             Checksum: B0DD1AC2913C78758AFA224308D6BC22;2291.
 ) 
Here is how much of TeX's memory you used:
 18527 strings out of 473189
 301829 string characters out of 5712665
 790892 words of memory out of 5000000
 41179 multiletter control sequences out of 15000+600000
 611974 words of font info for 233 fonts, out of 8000000 for 9000
 1141 hyphenation exceptions out of 8191
 90i,15n,93p,1031b,583s stack positions out of 10000i,1000n,20000p,200000b,200000s
<c:/Windows/Fonts/simsun.ttc><c:/Windows/Fonts/simkai.ttf><c:/Windows/Fonts/simkai.ttf><c:/Windows/Fonts/simkai.ttf><c:/Windows/Fonts/simkai.ttf><c:/Windows/Fonts/simsun.ttc><c:/Windows/Fonts/simhei.ttf><c:/Windows/Fonts/simsun.ttc><c:/Windows/Fonts/simkai.ttf><c:/Windows/Fonts/simkai.ttf><c:/Windows/Fonts/simkai.ttf><c:/Windows/Fonts/simkai.ttf><c:/Windows/Fonts/simkai.ttf><c:/Windows/Fonts/simsun.ttc><c:/Windows/Fonts/simkai.ttf><c:/Windows/Fonts/simkai.ttf><c:/Windows/Fonts/simkai.ttf><c:/Windows/Fonts/simkai.ttf><c:/Windows/Fonts/simkai.ttf><c:/Windows/Fonts/simkai.ttf><c:/Windows/Fonts/simkai.ttf><c:/Windows/Fonts/simkai.ttf><c:/Windows/Fonts/simsun.ttc><c:/Windows/Fonts/simkai.ttf><c:/Windows/Fonts/simkai.ttf><c:/Windows/Fonts/simkai.ttf><c:/Windows/Fonts/simkai.ttf><c:/Windows/Fonts/simkai.ttf><c:/Windows/Fonts/simkai.ttf><c:/Windows/Fonts/simsun.ttc><c:/Windows/Fonts/simsun.ttc><c:/Windows/Fonts/simsun.ttc><c:/Windows/Fonts/simsun.ttc><c:/Windows/Fonts/simsun.ttc><c:/Windows/Fonts/simsun.ttc><c:/Windows/Fonts/simsun.ttc><c:/Windows/Fonts/simsun.ttc><c:/Windows/Fonts/simsun.ttc><c:/Windows/Fonts/simsun.ttc

pdfTeX warning: pdflatex.exe (file c:/Windows/Fonts/simsun.ttc): subfont unisong22: wrong mapping: character 18 --> 0x2212 --> .notdef
><c:/Windows/Fonts/simsun.ttc><c:/Windows/Fonts/simsun.ttc><c:/Windows/Fonts/simsun.ttc><c:/Windows/Fonts/simsun.ttc><c:/Windows/Fonts/simsun.ttc><c:/Windows/Fonts/simsun.ttc><c:/Windows/Fonts/simhei.ttf><c:/Windows/Fonts/simsun.ttc><c:/Windows/Fonts/simsun.ttc><c:/Windows/Fonts/simsun.ttc><c:/Windows/Fonts/simsun.ttc><c:/Windows/Fonts/simsun.ttc><c:/Windows/Fonts/simsun.ttc><c:/Windows/Fonts/simsun.ttc><c:/Windows/Fonts/simsun.ttc><c:/Windows/Fonts/simsun.ttc><c:/Windows/Fonts/simsun.ttc><c:/Windows/Fonts/simsun.ttc><c:/Windows/Fonts/simsun.ttc><c:/Windows/Fonts/simsun.ttc><c:/Windows/Fonts/simsun.ttc><c:/Windows/Fonts/simsun.ttc><c:/Windows/Fonts/simsun.ttc><c:/Windows/Fonts/simsun.ttc><c:/Windows/Fonts/simsun.ttc><c:/Windows/Fonts/simsun.ttc><c:/Windows/Fonts/simsun.ttc><c:/Windows/Fonts/simsun.ttc><c:/Windows/Fonts/simsun.ttc><c:/Windows/Fonts/simsun.ttc><c:/Windows/Fonts/simsun.ttc><c:/Windows/Fonts/simsun.ttc><c:/Windows/Fonts/simsun.ttc><c:/Windows/Fonts/simsun.ttc><c:/Windows/Fonts/simsun.ttc><c:/Windows/Fonts/simsun.ttc><c:/Windows/Fonts/simsun.ttc><c:/Windows/Fonts/simsun.ttc><c:/Windows/Fonts/simsun.ttc><c:/Windows/Fonts/simsun.ttc><c:/Windows/Fonts/simsun.ttc><c:/Windows/Fonts/simsun.ttc><c:/Windows/Fonts/simsun.ttc><c:/Windows/Fonts/simsun.ttc><c:/Windows/Fonts/simsun.ttc><c:/Windows/Fonts/simsun.ttc><c:/Windows/Fonts/simsun.ttc><c:/Windows/Fonts/simsun.ttc><c:/Windows/Fonts/simsun.ttc><c:/Windows/Fonts/simsun.ttc><c:/Windows/Fonts/simsun.ttc><c:/Windows/Fonts/simsun.ttc><c:/Windows/Fonts/simsun.ttc><c:/Windows/Fonts/simsun.ttc><c:/Windows/Fonts/simsun.ttc><c:/Windows/Fonts/simsun.ttc><c:/Windows/Fonts/simsun.ttc><c:/Windows/Fonts/simsun.ttc><c:/Windows/Fonts/simsun.ttc><c:/Windows/Fonts/simsun.ttc><c:/Windows/Fonts/simsun.ttc><c:/Windows/Fonts/simsun.ttc><c:/Windows/Fonts/simsun.ttc><c:/Software/Code/texlive/2025/texmf-dist/fonts/type1/public/amsfonts/cm/cmbx10.pfb><c:/Software/Code/texlive/2025/texmf-dist/fonts/type1/public/amsfonts/cm/cmbx7.pfb><c:/Software/Code/texlive/2025/texmf-dist/fonts/type1/public/amsfonts/cm/cmbx9.pfb><c:/Software/Code/texlive/2025/texmf-dist/fonts/type1/public/amsfonts/cm/cmcsc10.pfb><c:/Software/Code/texlive/2025/texmf-dist/fonts/type1/public/amsfonts/cm/cmmi10.pfb><c:/Software/Code/texlive/2025/texmf-dist/fonts/type1/public/amsfonts/cm/cmmi6.pfb><c:/Software/Code/texlive/2025/texmf-dist/fonts/type1/public/amsfonts/cm/cmmi7.pfb><c:/Software/Code/texlive/2025/texmf-dist/fonts/type1/public/amsfonts/cm/cmmi9.pfb><c:/Software/Code/texlive/2025/texmf-dist/fonts/type1/public/amsfonts/cm/cmr10.pfb><c:/Software/Code/texlive/2025/texmf-dist/fonts/type1/public/amsfonts/cm/cmr5.pfb><c:/Software/Code/texlive/2025/texmf-dist/fonts/type1/public/amsfonts/cm/cmr6.pfb><c:/Software/Code/texlive/2025/texmf-dist/fonts/type1/public/amsfonts/cm/cmr7.pfb><c:/Software/Code/texlive/2025/texmf-dist/fonts/type1/public/amsfonts/cm/cmr9.pfb><c:/Software/Code/texlive/2025/texmf-dist/fonts/type1/public/amsfonts/cm/cmsy10.pfb><c:/Software/Code/texlive/2025/texmf-dist/fonts/type1/public/amsfonts/cm/cmsy6.pfb><c:/Software/Code/texlive/2025/texmf-dist/fonts/type1/public/amsfonts/cm/cmsy7.pfb><c:/Software/Code/texlive/2025/texmf-dist/fonts/type1/public/amsfonts/cm/cmsy9.pfb><c:/Software/Code/texlive/2025/texmf-dist/fonts/type1/public/amsfonts/cm/cmti10.pfb><c:/Software/Code/texlive/2025/texmf-dist/fonts/type1/public/amsfonts/cm/cmti12.pfb><c:/Software/Code/texlive/2025/texmf-dist/fonts/type1/public/amsfonts/cm/cmti7.pfb><c:/Software/Code/texlive/2025/texmf-dist/fonts/type1/public/amsfonts/cm/cmtt10.pfb><c:/Software/Code/texlive/2025/texmf-dist/fonts/type1/public/amsfonts/cm/cmtt9.pfb><c:/Software/Code/texlive/2025/texmf-dist/fonts/type1/public/cm-super/sfrm1000.pfb>
Output written on paper.pdf (25 pages, 29342134 bytes).
PDF statistics:
 935 PDF objects out of 1000 (max. 8388607)
 626 compressed objects within 7 object streams
 88 named destinations out of 1000 (max. 500000)
 586 words of extra memory for PDF output out of 10000 (max. 10000000)

